2025-05-16 22:02:11,835 - INFO - Создана новая база данных
2025-05-16 22:02:11,972 - INFO - [31m[1mWARNING: This is a development server. Do not use it in a production deployment. Use a production WSGI server instead.[0m
 * Running on all addresses (0.0.0.0)
 * Running on http://127.0.0.1:5000
 * Running on http://192.168.0.126:5000
2025-05-16 22:02:11,972 - INFO - [33mPress CTRL+C to quit[0m
2025-05-16 22:02:11,997 - INFO -  * Restarting with stat
2025-05-16 22:02:17,295 - INFO - Создана новая база данных
2025-05-16 22:02:17,321 - WARNING -  * Debugger is active!
2025-05-16 22:02:17,337 - INFO -  * Debugger PIN: 154-262-580
2025-05-16 22:02:27,487 - INFO - Сгенерирован токен для пользователя 21
2025-05-16 22:02:27,488 - INFO - База данных сохранена
2025-05-16 22:02:27,490 - INFO - Зарегистрирован пользователь 21
2025-05-16 22:02:27,490 - INFO - 127.0.0.1 - - [16/May/2025 22:02:27] "[35m[1mPOST /register HTTP/1.1[0m" 201 -
2025-05-16 22:02:27,674 - INFO - Возвращены снимки для 21
2025-05-16 22:02:27,674 - INFO - 127.0.0.1 - - [16/May/2025 22:02:27] "GET /get_images?username=21&token=97ac2e63294733d87eeb662d1edbc5262855d226887fc1865d00eb809b81cd40 HTTP/1.1" 200 -
2025-05-16 22:02:27,957 - INFO - Возвращены камеры для 21
2025-05-16 22:02:27,958 - INFO - 127.0.0.1 - - [16/May/2025 22:02:27] "GET /get_cameras?username=21&token=97ac2e63294733d87eeb662d1edbc5262855d226887fc1865d00eb809b81cd40 HTTP/1.1" 200 -
2025-05-16 22:03:03,283 - INFO - База данных сохранена
2025-05-16 22:03:03,284 - INFO - Запуск обработки камеры cam1 для 21
2025-05-16 22:03:03,284 - INFO - Запущена обработка камеры cam1 для 21
2025-05-16 22:03:03,285 - INFO - Добавлена камера cam1 для 21
2025-05-16 22:03:03,285 - INFO - 127.0.0.1 - - [16/May/2025 22:03:03] "POST /add_camera HTTP/1.1" 200 -
2025-05-16 22:03:03,468 - INFO - Запрос стрима для пользователя 21, камера cam1
2025-05-16 22:03:03,468 - INFO - URL камеры: http://195.196.36.242/mjpg/video.mjpg
2025-05-16 22:03:05,315 - INFO - Стрим для cam1 успешно открыт
2025-05-16 22:03:07,202 - INFO - Камера cam1 успешно открыта на попытке 1
2025-05-16 22:03:11,143 - DEBUG - Отправка кадра для cam1, размер: 1094691
2025-05-16 22:03:11,145 - INFO - 127.0.0.1 - - [16/May/2025 22:03:11] "GET /video_feed?username=21&camera_name=cam1&token=97ac2e63294733d87eeb662d1edbc5262855d226887fc1865d00eb809b81cd40 HTTP/1.1" 200 -
2025-05-16 22:03:11,599 - DEBUG - Отправка кадра для cam1, размер: 1094778
2025-05-16 22:03:12,056 - DEBUG - Отправка кадра для cam1, размер: 1093316
2025-05-16 22:03:12,488 - DEBUG - Отправка кадра для cam1, размер: 1094803
2025-05-16 22:03:12,888 - DEBUG - Отправка кадра для cam1, размер: 1094706
2025-05-16 22:03:14,807 - DEBUG - Отправка кадра для cam1, размер: 1095687
2025-05-16 22:03:15,144 - DEBUG - Отправка кадра для cam1, размер: 1094959
2025-05-16 22:03:16,854 - DEBUG - Отправка кадра для cam1, размер: 1092638
2025-05-16 22:03:17,206 - DEBUG - Отправка кадра для cam1, размер: 1090710
2025-05-16 22:03:18,612 - INFO - Возвращены снимки для 21
2025-05-16 22:03:18,613 - INFO - 127.0.0.1 - - [16/May/2025 22:03:18] "GET /get_images?username=21&token=97ac2e63294733d87eeb662d1edbc5262855d226887fc1865d00eb809b81cd40 HTTP/1.1" 200 -
2025-05-16 22:03:18,708 - DEBUG - Отправка кадра для cam1, размер: 1088437
2025-05-16 22:03:19,133 - DEBUG - Отправка кадра для cam1, размер: 1086883
2025-05-16 22:03:20,655 - DEBUG - Отправка кадра для cam1, размер: 1086085
2025-05-16 22:03:21,001 - DEBUG - Отправка кадра для cam1, размер: 1085492
2025-05-16 22:03:21,806 - INFO - Возвращены камеры для 21
2025-05-16 22:03:21,806 - INFO - 127.0.0.1 - - [16/May/2025 22:03:21] "GET /get_cameras?username=21&token=97ac2e63294733d87eeb662d1edbc5262855d226887fc1865d00eb809b81cd40 HTTP/1.1" 200 -
2025-05-16 22:03:23,097 - DEBUG - Отправка кадра для cam1, размер: 1091156
2025-05-16 22:03:23,606 - DEBUG - Отправка кадра для cam1, размер: 1104505
2025-05-16 22:03:25,411 - DEBUG - Отправка кадра для cam1, размер: 1107364
2025-05-16 22:03:25,989 - DEBUG - Отправка кадра для cam1, размер: 1233045
2025-05-16 22:03:27,598 - DEBUG - Отправка кадра для cam1, размер: 1214243
2025-05-16 22:03:28,073 - DEBUG - Отправка кадра для cam1, размер: 1206502
2025-05-16 22:03:29,616 - DEBUG - Отправка кадра для cam1, размер: 1190570
2025-05-16 22:03:30,029 - DEBUG - Отправка кадра для cam1, размер: 1183855
2025-05-16 22:03:30,639 - DEBUG - Отправка кадра для cam1, размер: 1183908
2025-05-16 22:03:32,471 - DEBUG - Отправка кадра для cam1, размер: 1185009
2025-05-16 22:03:35,072 - DEBUG - Отправка кадра для cam1, размер: 1185029
2025-05-16 22:03:35,424 - DEBUG - Отправка кадра для cam1, размер: 1184545
2025-05-16 22:03:37,117 - DEBUG - Отправка кадра для cam1, размер: 1184069
2025-05-16 22:03:37,404 - DEBUG - Отправка кадра для cam1, размер: 1184731
2025-05-16 22:03:38,886 - DEBUG - Отправка кадра для cam1, размер: 1185209
2025-05-16 22:03:39,286 - DEBUG - Отправка кадра для cam1, размер: 1184768
2025-05-16 22:03:41,022 - DEBUG - Отправка кадра для cam1, размер: 1185248
2025-05-16 22:03:43,312 - DEBUG - Отправка кадра для cam1, размер: 1185254
2025-05-16 22:03:43,592 - DEBUG - Отправка кадра для cam1, размер: 1185950
2025-05-16 22:03:45,664 - DEBUG - Отправка кадра для cam1, размер: 1185844
2025-05-16 22:03:46,018 - DEBUG - Отправка кадра для cam1, размер: 1185581
2025-05-16 22:03:47,970 - DEBUG - Отправка кадра для cam1, размер: 1187432
2025-05-16 22:03:48,357 - DEBUG - Отправка кадра для cam1, размер: 1187316
2025-05-16 22:03:49,105 - INFO - База данных сохранена
2025-05-16 22:03:49,106 - INFO - Настройки распознавания обновлены для 21
2025-05-16 22:03:49,107 - INFO - 127.0.0.1 - - [16/May/2025 22:03:49] "POST /update_detection_settings HTTP/1.1" 200 -
2025-05-16 22:03:49,931 - DEBUG - Отправка кадра для cam1, размер: 1187356
2025-05-16 22:03:50,355 - DEBUG - Отправка кадра для cam1, размер: 1186628
2025-05-16 22:03:52,332 - DEBUG - Отправка кадра для cam1, размер: 1187374
2025-05-16 22:03:54,638 - DEBUG - Отправка кадра для cam1, размер: 1188140
2025-05-16 22:03:54,929 - DEBUG - Отправка кадра для cam1, размер: 1188137
2025-05-16 22:03:56,800 - DEBUG - Отправка кадра для cam1, размер: 1188890
2025-05-16 22:03:57,155 - DEBUG - Отправка кадра для cam1, размер: 1189435
2025-05-16 22:03:59,062 - DEBUG - Отправка кадра для cam1, размер: 1189070
2025-05-16 22:03:59,387 - DEBUG - Отправка кадра для cam1, размер: 1189982
2025-05-16 22:04:01,109 - DEBUG - Отправка кадра для cam1, размер: 1198027
2025-05-16 22:04:03,417 - DEBUG - Отправка кадра для cam1, размер: 1197104
2025-05-16 22:04:03,710 - DEBUG - Отправка кадра для cam1, размер: 1198553
2025-05-16 22:04:05,349 - INFO - Возвращены снимки для 21
2025-05-16 22:04:05,350 - INFO - 127.0.0.1 - - [16/May/2025 22:04:05] "GET /get_images?username=21&token=97ac2e63294733d87eeb662d1edbc5262855d226887fc1865d00eb809b81cd40 HTTP/1.1" 200 -
2025-05-16 22:04:05,550 - INFO - Сохранен кадр: static/captures/21/cam1/2025-05-16_22-04-05.jpg
2025-05-16 22:04:05,552 - INFO - База данных сохранена
2025-05-16 22:04:05,727 - DEBUG - Отправка кадра для cam1, размер: 1198492
2025-05-16 22:04:06,015 - DEBUG - Отправка кадра для cam1, размер: 1198395
2025-05-16 22:04:07,605 - DEBUG - Отправка кадра для cam1, размер: 1198618
2025-05-16 22:04:07,877 - DEBUG - Отправка кадра для cam1, размер: 1199937
2025-05-16 22:04:08,240 - INFO - Возвращены снимки для 21
2025-05-16 22:04:08,241 - INFO - 127.0.0.1 - - [16/May/2025 22:04:08] "GET /get_images?username=21&token=97ac2e63294733d87eeb662d1edbc5262855d226887fc1865d00eb809b81cd40 HTTP/1.1" 200 -
2025-05-16 22:04:09,073 - INFO - Запрос изображения: static/captures/21/cam1/2025-05-16_22-04-05.jpg
2025-05-16 22:04:09,074 - INFO - Файл найден, отправка: static/captures/21/cam1/2025-05-16_22-04-05.jpg
2025-05-16 22:04:09,578 - INFO - 127.0.0.1 - - [16/May/2025 22:04:09] "GET /static/captures/21/cam1/2025-05-16_22-04-05.jpg?token=97ac2e63294733d87eeb662d1edbc5262855d226887fc1865d00eb809b81cd40 HTTP/1.1" 200 -
2025-05-16 22:04:10,603 - DEBUG - Отправка кадра для cam1, размер: 1201058
2025-05-16 22:04:10,929 - DEBUG - Отправка кадра для cam1, размер: 1200520
2025-05-16 22:04:11,085 - INFO - Сохранен кадр: static/captures/21/cam1/2025-05-16_22-04-11.jpg
2025-05-16 22:04:11,087 - INFO - База данных сохранена
2025-05-16 22:04:12,793 - DEBUG - Отправка кадра для cam1, размер: 1200916
2025-05-16 22:04:14,225 - INFO - Стрим для cam1 закрыт
